<?xml version="1.0" encoding="UTF-8"?>
<!-- Generated by org.testng.reporters.JUnitXMLReporter -->
<testsuite ignored="0" hostname="Sukhvinder" failures="0" tests="11" name="Test" time="45.584" errors="0" timestamp="2025-07-11T02:19:43 IST">
  <testcase classname="testcases.RestAssured_TestCases" name="loginWithSeleniumAndGetCookie" time="21.658"/>
  <testcase classname="testcases.RestAssured_TestCases" name="GetEmpStatus" time="6.22"/>
  <testcase classname="testcases.RestAssured_TestCases" name="GetJobTitle" time="1.25"/>
  <testcase classname="testcases.RestAssured_TestCases" name="GetAdminSubunit" time="1.172"/>
  <testcase classname="testcases.RestAssured_TestCases" name="GetPimEmp" time="1.277"/>
  <testcase classname="testcases.RestAssured_TestCases" name="GetReportASC" time="1.133"/>
  <testcase classname="testcases.RestAssured_TestCases" name="GetLeaveEligibility" time="1.061"/>
  <testcase classname="testcases.RestAssured_TestCases" name="PutAdminConfig" time="2.627"/>
  <testcase classname="testcases.RestAssured_TestCases" name="PutOptionalField" time="1.158"/>
  <testcase classname="testcases.RestAssured_TestCases" name="PostCustomField" time="1.337"/>
  <testcase classname="testcases.RestAssured_TestCases" name="PutCustomField" time="1.292"/>
</testsuite> <!-- Test -->
